[2021-07-12 02:19:27] laravel.EMERGENCY: Unable to create configured logger. Using emergency logger. {"exception":"[object] (InvalidArgumentException(code: 0): Log [] is not defined. at /home/std/fit/vendor/laravel/framework/src/Illuminate/Log/LogManager.php:192)
[stacktrace]
#0 /home/std/fit/vendor/laravel/framework/src/Illuminate/Log/LogManager.php(118): Illuminate\\Log\\LogManager->resolve()
#1 /home/std/fit/vendor/laravel/framework/src/Illuminate/Log/LogManager.php(98): Illuminate\\Log\\LogManager->get()
#2 /home/std/fit/vendor/laravel/framework/src/Illuminate/Log/LogManager.php(555): Illuminate\\Log\\LogManager->driver()
#3 /home/std/fit/vendor/laravel/framework/src/Illuminate/Foundation/Exceptions/Handler.php(252): Illuminate\\Log\\LogManager->error()
#4 /home/std/fit/vendor/laravel/framework/src/Illuminate/Foundation/Http/Kernel.php(414): Illuminate\\Foundation\\Exceptions\\Handler->report()
#5 /home/std/fit/vendor/laravel/framework/src/Illuminate/Foundation/Http/Kernel.php(112): Illuminate\\Foundation\\Http\\Kernel->reportException()
#6 /home/std/fit/public/index.php(52): Illuminate\\Foundation\\Http\\Kernel->handle()
#7 {main}
"} 
[2021-07-12 02:19:27] laravel.ERROR: The "" directory does not exist. {"exception":"[object] (Symfony\\Component\\Finder\\Exception\\DirectoryNotFoundException(code: 0): The \"\" directory does not exist. at /home/std/fit/vendor/symfony/finder/Finder.php:590)
[stacktrace]
#0 /home/std/fit/vendor/laravel/framework/src/Illuminate/Foundation/Bootstrap/LoadConfiguration.php(88): Symfony\\Component\\Finder\\Finder->in()
#1 /home/std/fit/vendor/laravel/framework/src/Illuminate/Foundation/Bootstrap/LoadConfiguration.php(65): Illuminate\\Foundation\\Bootstrap\\LoadConfiguration->getConfigurationFiles()
#2 /home/std/fit/vendor/laravel/framework/src/Illuminate/Foundation/Bootstrap/LoadConfiguration.php(39): Illuminate\\Foundation\\Bootstrap\\LoadConfiguration->loadConfigurationFiles()
#3 /home/std/fit/vendor/laravel/framework/src/Illuminate/Foundation/Application.php(237): Illuminate\\Foundation\\Bootstrap\\LoadConfiguration->bootstrap()
#4 /home/std/fit/vendor/laravel/framework/src/Illuminate/Foundation/Http/Kernel.php(152): Illuminate\\Foundation\\Application->bootstrapWith()
#5 /home/std/fit/vendor/laravel/framework/src/Illuminate/Foundation/Http/Kernel.php(136): Illuminate\\Foundation\\Http\\Kernel->bootstrap()
#6 /home/std/fit/vendor/laravel/framework/src/Illuminate/Foundation/Http/Kernel.php(110): Illuminate\\Foundation\\Http\\Kernel->sendRequestThroughRouter()
#7 /home/std/fit/public/index.php(52): Illuminate\\Foundation\\Http\\Kernel->handle()
#8 {main}
"} 
[2021-07-12 02:19:36] laravel.EMERGENCY: Unable to create configured logger. Using emergency logger. {"exception":"[object] (InvalidArgumentException(code: 0): Log [] is not defined. at /home/std/fit/vendor/laravel/framework/src/Illuminate/Log/LogManager.php:192)
[stacktrace]
#0 /home/std/fit/vendor/laravel/framework/src/Illuminate/Log/LogManager.php(118): Illuminate\\Log\\LogManager->resolve()
#1 /home/std/fit/vendor/laravel/framework/src/Illuminate/Log/LogManager.php(98): Illuminate\\Log\\LogManager->get()
#2 /home/std/fit/vendor/laravel/framework/src/Illuminate/Log/LogManager.php(555): Illuminate\\Log\\LogManager->driver()
#3 /home/std/fit/vendor/laravel/framework/src/Illuminate/Foundation/Exceptions/Handler.php(252): Illuminate\\Log\\LogManager->error()
#4 /home/std/fit/vendor/laravel/framework/src/Illuminate/Foundation/Http/Kernel.php(414): Illuminate\\Foundation\\Exceptions\\Handler->report()
#5 /home/std/fit/vendor/laravel/framework/src/Illuminate/Foundation/Http/Kernel.php(112): Illuminate\\Foundation\\Http\\Kernel->reportException()
#6 /home/std/fit/public/index.php(52): Illuminate\\Foundation\\Http\\Kernel->handle()
#7 {main}
"} 
[2021-07-12 02:19:36] laravel.ERROR: The "" directory does not exist. {"exception":"[object] (Symfony\\Component\\Finder\\Exception\\DirectoryNotFoundException(code: 0): The \"\" directory does not exist. at /home/std/fit/vendor/symfony/finder/Finder.php:590)
[stacktrace]
#0 /home/std/fit/vendor/laravel/framework/src/Illuminate/Foundation/Bootstrap/LoadConfiguration.php(88): Symfony\\Component\\Finder\\Finder->in()
#1 /home/std/fit/vendor/laravel/framework/src/Illuminate/Foundation/Bootstrap/LoadConfiguration.php(65): Illuminate\\Foundation\\Bootstrap\\LoadConfiguration->getConfigurationFiles()
#2 /home/std/fit/vendor/laravel/framework/src/Illuminate/Foundation/Bootstrap/LoadConfiguration.php(39): Illuminate\\Foundation\\Bootstrap\\LoadConfiguration->loadConfigurationFiles()
#3 /home/std/fit/vendor/laravel/framework/src/Illuminate/Foundation/Application.php(237): Illuminate\\Foundation\\Bootstrap\\LoadConfiguration->bootstrap()
#4 /home/std/fit/vendor/laravel/framework/src/Illuminate/Foundation/Http/Kernel.php(152): Illuminate\\Foundation\\Application->bootstrapWith()
#5 /home/std/fit/vendor/laravel/framework/src/Illuminate/Foundation/Http/Kernel.php(136): Illuminate\\Foundation\\Http\\Kernel->bootstrap()
#6 /home/std/fit/vendor/laravel/framework/src/Illuminate/Foundation/Http/Kernel.php(110): Illuminate\\Foundation\\Http\\Kernel->sendRequestThroughRouter()
#7 /home/std/fit/public/index.php(52): Illuminate\\Foundation\\Http\\Kernel->handle()
#8 {main}
"} 
